app/build/intermediates/manifest_merge_blame_file/debug/manifest-merger-blame-debug-report.txt
1<?xml version="1.0" encoding="utf-8"?>
2<manifest xmlns:android="http://schemas.android.com/apk/res/android"
3    package="com.example.hexmapcombatgame"
4    android:versionCode="1"
5    android:versionName="1.0" >
6
7    <uses-sdk
8        android:minSdkVersion="24"
8-->src\main\AndroidManifest.xml
9        android:targetSdkVersion="32" />
9-->src\main\AndroidManifest.xml
10
11    <application
11-->src\main\AndroidManifest.xml:5:5-45:19
12        android:allowBackup="true"
12-->src\main\AndroidManifest.xml:6:9-35
13        android:appComponentFactory="androidx.core.app.CoreComponentFactory"
13-->[androidx.core:core:1.7.0] AndroidManifest.xml:24:18-86
14        android:dataExtractionRules="@xml/data_extraction_rules"
14-->src\main\AndroidManifest.xml:7:9-65
15        android:debuggable="true"
16        android:extractNativeLibs="false"
17        android:fullBackupContent="@xml/backup_rules"
17-->src\main\AndroidManifest.xml:8:9-54
18        android:icon="@mipmap/ic_launcher"
18-->src\main\AndroidManifest.xml:9:9-43
19        android:label="@string/app_name"
19-->src\main\AndroidManifest.xml:10:9-41
20        android:roundIcon="@mipmap/ic_launcher_round"
20-->src\main\AndroidManifest.xml:11:9-54
21        android:supportsRtl="true"
21-->src\main\AndroidManifest.xml:12:9-35
22        android:testOnly="true"
23        android:theme="@style/Theme.HexMapCombatGame" >
23-->src\main\AndroidManifest.xml:13:9-54
24        <activity
24-->src\main\AndroidManifest.xml:15:9-22:20
25            android:name="com.example.hexmapcombatgame.ProfilePageActivity"
25-->src\main\AndroidManifest.xml:16:13-48
26            android:exported="false"
26-->src\main\AndroidManifest.xml:17:13-37
27            android:screenOrientation="landscape" >
27-->src\main\AndroidManifest.xml:18:13-50
28            <meta-data
28-->src\main\AndroidManifest.xml:19:13-21:36
29                android:name="android.app.lib_name"
29-->src\main\AndroidManifest.xml:20:17-52
30                android:value="" />
30-->src\main\AndroidManifest.xml:21:17-33
31        </activity>
32        <activity
32-->src\main\AndroidManifest.xml:23:9-30:20
33            android:name="com.example.hexmapcombatgame.ConquestPageActivity"
33-->src\main\AndroidManifest.xml:24:13-49
34            android:exported="false"
34-->src\main\AndroidManifest.xml:25:13-37
35            android:screenOrientation="landscape" >
35-->src\main\AndroidManifest.xml:26:13-50
36            <meta-data
36-->src\main\AndroidManifest.xml:19:13-21:36
37                android:name="android.app.lib_name"
37-->src\main\AndroidManifest.xml:20:17-52
38                android:value="" />
38-->src\main\AndroidManifest.xml:21:17-33
39        </activity>
40        <activity
40-->src\main\AndroidManifest.xml:31:9-44:20
41            android:name="com.example.hexmapcombatgame.MainActivity"
41-->src\main\AndroidManifest.xml:32:13-41
42            android:exported="true"
42-->src\main\AndroidManifest.xml:33:13-36
43            android:screenOrientation="landscape" >
43-->src\main\AndroidManifest.xml:34:13-50
44            <intent-filter>
44-->src\main\AndroidManifest.xml:35:13-39:29
45                <action android:name="android.intent.action.MAIN" />
45-->src\main\AndroidManifest.xml:36:17-69
45-->src\main\AndroidManifest.xml:36:25-66
46
47                <category android:name="android.intent.category.LAUNCHER" />
47-->src\main\AndroidManifest.xml:38:17-77
47-->src\main\AndroidManifest.xml:38:27-74
48            </intent-filter>
49
50            <meta-data
50-->src\main\AndroidManifest.xml:19:13-21:36
51                android:name="android.app.lib_name"
51-->src\main\AndroidManifest.xml:20:17-52
52                android:value="" />
52-->src\main\AndroidManifest.xml:21:17-33
53        </activity>
54
55        <provider
55-->[androidx.emoji2:emoji2:1.0.0] AndroidManifest.xml:26:9-34:20
56            android:name="androidx.startup.InitializationProvider"
56-->[androidx.emoji2:emoji2:1.0.0] AndroidManifest.xml:27:13-67
57            android:authorities="com.example.hexmapcombatgame.androidx-startup"
57-->[androidx.emoji2:emoji2:1.0.0] AndroidManifest.xml:28:13-68
58            android:exported="false" >
58-->[androidx.emoji2:emoji2:1.0.0] AndroidManifest.xml:29:13-37
59            <meta-data
59-->[androidx.emoji2:emoji2:1.0.0] AndroidManifest.xml:31:13-33:52
60                android:name="androidx.emoji2.text.EmojiCompatInitializer"
60-->[androidx.emoji2:emoji2:1.0.0] AndroidManifest.xml:32:17-75
61                android:value="androidx.startup" />
61-->[androidx.emoji2:emoji2:1.0.0] AndroidManifest.xml:33:17-49
62            <meta-data
62-->[androidx.lifecycle:lifecycle-process:2.4.0] AndroidManifest.xml:31:13-33:52
63                android:name="androidx.lifecycle.ProcessLifecycleInitializer"
63-->[androidx.lifecycle:lifecycle-process:2.4.0] AndroidManifest.xml:32:17-78
64                android:value="androidx.startup" />
64-->[androidx.lifecycle:lifecycle-process:2.4.0] AndroidManifest.xml:33:17-49
65        </provider>
66    </application>
67
68</manifest>